<?xml version="1.0" encoding="UTF-8"?>
<!-- Generated by org.testng.reporters.JUnitXMLReporter -->
<testsuite ignored="0" hostname="LAPTOP-N439PG1J" failures="1" tests="3" name="myTesting" time="50.588" errors="0" timestamp="2025-03-04T20:31:49 IST">
  <testcase classname="testscripts.Subcategory_Test" name="verifyAddNewSubcategoryWithValidDetails" time="13.206">
    <skipped/>
  </testcase> <!-- verifyAddNewSubcategoryWithValidDetails -->
  <testcase classname="testscripts.Subcategory_Test" name="verifyAddNewSubcategoryWithValidDetails" time="12.988">
    <skipped/>
  </testcase> <!-- verifyAddNewSubcategoryWithValidDetails -->
  <testcase classname="testscripts.Subcategory_Test" name="verifyAddNewSubcategoryWithValidDetails" time="12.738">
    <failure type="org.openqa.selenium.NoSuchElementException" message="Cannot locate option with value: veggies
For documentation on this error, please visit: https://www.selenium.dev/documentation/webdriver/troubleshooting/errors#no-such-element-exception
Build info: version: &amp;apos;4.28.1&amp;apos;, revision: &amp;apos;73f5ad48a2&amp;apos;
System info: os.name: &amp;apos;Windows 11&amp;apos;, os.arch: &amp;apos;amd64&amp;apos;, os.version: &amp;apos;10.0&amp;apos;, java.version: &amp;apos;21.0.6&amp;apos;
Driver info: driver.version: unknown">
      <![CDATA[org.openqa.selenium.NoSuchElementException: Cannot locate option with value: veggies
For documentation on this error, please visit: https://www.selenium.dev/documentation/webdriver/troubleshooting/errors#no-such-element-exception
Build info: version: '4.28.1', revision: '73f5ad48a2'
System info: os.name: 'Windows 11', os.arch: 'amd64', os.version: '10.0', java.version: '21.0.6'
Driver info: driver.version: unknown
at org.openqa.selenium.support.ui.Select.findOptionsByValue(Select.java:393)
at org.openqa.selenium.support.ui.Select.selectByValue(Select.java:277)
at utility.Page_Utility.selectDropdownWithValue(Page_Utility.java:15)
at pages.SubcategoryPage.selectCategoryFromDropdown(SubcategoryPage.java:33)
at testscripts.Subcategory_Test.verifyAddNewSubcategoryWithValidDetails(Subcategory_Test.java:22)
at java.base/java.util.ArrayList.forEach(ArrayList.java:1596)
... Removed 25 stack frames]]>
    </failure>
  </testcase> <!-- verifyAddNewSubcategoryWithValidDetails -->
</testsuite> <!-- myTesting -->
